e: 0 loss: 2.30258 train_err: 89.948 test_top1: 89.810 test_loss 2.30258 
e: 1 loss: 2.25458 train_err: 87.800 test_top1: 81.020 test_loss 2.04923 
e: 2 loss: 1.88095 train_err: 72.310 test_top1: 67.070 test_loss 1.80211 
e: 3 loss: 1.74563 train_err: 65.188 test_top1: 62.600 test_loss 1.68661 
e: 4 loss: 1.70483 train_err: 63.002 test_top1: 57.650 test_loss 1.57692 
e: 5 loss: 1.67829 train_err: 61.880 test_top1: 57.480 test_loss 1.57170 
e: 6 loss: 1.64715 train_err: 60.494 test_top1: 56.940 test_loss 1.58323 
e: 7 loss: 1.65795 train_err: 60.098 test_top1: 56.720 test_loss 1.56724 
e: 8 loss: 1.63520 train_err: 59.484 test_top1: 56.230 test_loss 1.54367 
e: 9 loss: 1.61699 train_err: 58.452 test_top1: 55.000 test_loss 1.52002 
e: 10 loss: 1.61391 train_err: 57.848 test_top1: 55.040 test_loss 1.58499 
e: 11 loss: 1.62388 train_err: 58.010 test_top1: 52.930 test_loss 1.52205 
e: 12 loss: 1.60767 train_err: 57.010 test_top1: 53.500 test_loss 1.52052 
e: 13 loss: 1.60614 train_err: 56.866 test_top1: 53.530 test_loss 1.50154 
e: 14 loss: 1.60137 train_err: 56.690 test_top1: 57.000 test_loss 1.63120 
e: 15 loss: 1.62308 train_err: 57.584 test_top1: 56.230 test_loss 1.59073 
e: 16 loss: 1.61683 train_err: 57.226 test_top1: 54.620 test_loss 1.57843 
e: 17 loss: 1.61755 train_err: 57.442 test_top1: 53.820 test_loss 1.54445 
e: 18 loss: 1.61452 train_err: 56.928 test_top1: 52.760 test_loss 1.51372 
e: 19 loss: 1.60754 train_err: 56.470 test_top1: 54.160 test_loss 1.56723 
e: 20 loss: 1.63392 train_err: 57.708 test_top1: 53.470 test_loss 1.51509 
e: 21 loss: 1.62027 train_err: 56.958 test_top1: 54.310 test_loss 1.54964 
e: 22 loss: 1.64588 train_err: 57.738 test_top1: 53.070 test_loss 1.59667 
e: 23 loss: 1.70018 train_err: 59.972 test_top1: 60.800 test_loss 1.71627 
e: 24 loss: 1.65303 train_err: 58.476 test_top1: 56.320 test_loss 1.61037 
e: 25 loss: 1.67401 train_err: 59.476 test_top1: 54.460 test_loss 1.57889 
e: 26 loss: 1.66355 train_err: 58.334 test_top1: 60.810 test_loss 1.65478 
e: 27 loss: 1.73916 train_err: 61.640 test_top1: 59.720 test_loss 1.72842 
e: 28 loss: 1.69940 train_err: 60.138 test_top1: 60.770 test_loss 1.70219 
e: 29 loss: 1.69314 train_err: 59.912 test_top1: 57.590 test_loss 1.63242 
e: 30 loss: 1.68303 train_err: 59.386 test_top1: 54.770 test_loss 1.56928 
e: 31 loss: 1.68444 train_err: 59.222 test_top1: 58.820 test_loss 1.65237 
e: 32 loss: 1.67498 train_err: 59.006 test_top1: 55.290 test_loss 1.61401 
e: 33 loss: 1.67655 train_err: 59.336 test_top1: 56.950 test_loss 1.57231 
e: 34 loss: 1.67517 train_err: 58.956 test_top1: 56.220 test_loss 1.59263 
e: 35 loss: 1.69110 train_err: 59.986 test_top1: 65.770 test_loss 1.96879 
e: 36 loss: 1.69423 train_err: 60.010 test_top1: 60.110 test_loss 1.69919 
e: 37 loss: 1.69932 train_err: 60.106 test_top1: 57.570 test_loss 1.63192 
e: 38 loss: 1.69371 train_err: 59.250 test_top1: 53.890 test_loss 1.56188 
e: 39 loss: 1.69719 train_err: 59.998 test_top1: 58.620 test_loss 1.68124 
e: 40 loss: 1.69135 train_err: 59.526 test_top1: 57.600 test_loss 1.62565 
e: 41 loss: 1.68505 train_err: 59.158 test_top1: 57.430 test_loss 1.67927 
e: 42 loss: 1.69064 train_err: 59.698 test_top1: 57.730 test_loss 1.61231 
e: 43 loss: 1.70181 train_err: 59.632 test_top1: 59.340 test_loss 1.69776 
e: 44 loss: 1.70435 train_err: 59.928 test_top1: 61.310 test_loss 1.69225 
e: 45 loss: 1.72917 train_err: 60.914 test_top1: 59.940 test_loss 1.68341 
e: 46 loss: 1.74930 train_err: 62.324 test_top1: 63.020 test_loss 1.71373 
e: 47 loss: 1.78184 train_err: 63.226 test_top1: 58.850 test_loss 1.71048 
e: 48 loss: 1.72336 train_err: 61.470 test_top1: 60.600 test_loss 1.74577 
e: 49 loss: 1.70461 train_err: 60.294 test_top1: 58.140 test_loss 1.62501 
e: 50 loss: 1.69969 train_err: 59.688 test_top1: 55.210 test_loss 1.59805 
e: 51 loss: 1.70503 train_err: 60.450 test_top1: 60.020 test_loss 1.66767 
e: 52 loss: 1.71010 train_err: 60.116 test_top1: 61.560 test_loss 1.72026 
e: 53 loss: 1.73857 train_err: 61.662 test_top1: 61.780 test_loss 1.72150 
e: 54 loss: 1.74836 train_err: 62.340 test_top1: 58.810 test_loss 1.69875 
e: 55 loss: 1.73885 train_err: 61.136 test_top1: 59.480 test_loss 1.66956 
e: 56 loss: 1.77712 train_err: 62.988 test_top1: 58.630 test_loss 1.66283 
e: 57 loss: 1.79026 train_err: 63.372 test_top1: 59.260 test_loss 1.77405 
e: 58 loss: 1.79010 train_err: 64.262 test_top1: 58.690 test_loss 1.66215 
e: 59 loss: 1.83366 train_err: 66.930 test_top1: 65.140 test_loss 1.81122 
e: 60 loss: 1.88474 train_err: 69.118 test_top1: 65.170 test_loss 1.85744 
e: 61 loss: 1.95018 train_err: 73.004 test_top1: 67.360 test_loss 1.81539 
e: 62 loss: 1.93495 train_err: 73.244 test_top1: 72.760 test_loss 1.88507 
e: 63 loss: 1.99596 train_err: 76.682 test_top1: 72.500 test_loss 1.86714 
e: 64 loss: 1.97818 train_err: 77.224 test_top1: 77.860 test_loss 1.94301 
